<?xml version="1.0" encoding="UTF-8"?>
<!-- Generated by org.testng.reporters.JUnitXMLReporter -->
<testsuite ignored="0" hostname="Sonali-Shah" failures="0" tests="2" name="Default test" time="0.862" errors="0" timestamp="2026-09-07T03:42:29 IST">
  <testcase classname="com.ecommerce.automation.api.UserApiTest" name="verifyCreateUserWithDbCheck" time="0.77"/>
  <testcase classname="com.ecommerce.automation.api.UserApiTest" name="verifyGetUsersList" time="0.003"/>
</testsuite> <!-- Default test -->
