<?xml version="1.0" encoding="UTF-8"?>
<!-- Generated by org.testng.reporters.JUnitXMLReporter -->
<testsuite ignored="4" hostname="Sonali-Shah" failures="1" tests="6" name="Smoke Tests" time="109.419" errors="0" timestamp="2026-09-05T21:21:53 IST">
  <testcase classname="com.ecommerce.tests.LoginTest" name="verifyAddProductToCart" time="0.863"/>
  <testcase classname="com.ecommerce.tests.LoginTest" name="verifyCheckout" time="2.394"/>
  <testcase classname="com.ecommerce.tests.LoginTest" name="verifyLogin" time="0.892">
    <skipped/>
  </testcase> <!-- verifyLogin -->
  <testcase classname="com.ecommerce.tests.LoginTest" name="verifyOrderPlaced" time="1.982"/>
  <testcase classname="com.ecommerce.tests.LoginTest" name="verifyLogin" time="0.713">
    <skipped/>
  </testcase> <!-- verifyLogin -->
  <testcase classname="com.ecommerce.tests.LoginTest" name="verifyLogin" time="0.615">
    <failure type="java.lang.AssertionError" message="expected [WrongProductsTitle] but found [Products]">
      <![CDATA[java.lang.AssertionError: expected [WrongProductsTitle] but found [Products]
at com.ecommerce.tests.LoginTest.verifyLogin(LoginTest.java:34)
at java.base/java.util.concurrent.Executors$RunnableAdapter.call(Executors.java:539)
at java.base/java.util.concurrent.FutureTask.run(FutureTask.java:264)
at java.base/java.util.concurrent.ThreadPoolExecutor.runWorker(ThreadPoolExecutor.java:1136)
at java.base/java.util.concurrent.ThreadPoolExecutor$Worker.run(ThreadPoolExecutor.java:635)
at java.base/java.lang.Thread.run(Thread.java:833)
... Removed 19 stack frames]]>
    </failure>
  </testcase> <!-- verifyLogin -->
  <testcase classname="com.ecommerce.tests.LoginTest" name="verifyRemoveProductFromCart" time="0.0">
    <ignored/>
  </testcase> <!-- verifyRemoveProductFromCart -->
  <testcase classname="com.ecommerce.tests.LoginTest" name="verifyInvalidLogin" time="0.0">
    <ignored/>
  </testcase> <!-- verifyInvalidLogin -->
  <testcase classname="com.ecommerce.tests.LoginTest" name="verifyLoginWithEmptyUsernamePassword" time="0.0">
    <ignored/>
  </testcase> <!-- verifyLoginWithEmptyUsernamePassword -->
  <testcase classname="com.ecommerce.tests.LoginTest" name="verifyProductInCart" time="0.0">
    <ignored/>
  </testcase> <!-- verifyProductInCart -->
</testsuite> <!-- Smoke Tests -->
