<?xml version="1.0" encoding="UTF-8"?>
<!-- Generated by org.testng.reporters.JUnitXMLReporter -->
<testsuite ignored="4" hostname="Sonali-Shah" failures="3" tests="10" name="Chrome Tests" time="185.914" errors="0" timestamp="2026-09-06T06:01:13 IST">
  <testcase classname="com.ecommerce.tests.LoginTest" name="verifyAddProductToCart" time="0.871"/>
  <testcase classname="com.ecommerce.tests.LoginTest" name="verifyCheckout" time="3.032">
    <skipped/>
  </testcase> <!-- verifyCheckout -->
  <testcase classname="com.ecommerce.tests.LoginTest" name="verifyCheckout" time="3.091">
    <skipped/>
  </testcase> <!-- verifyCheckout -->
  <testcase classname="com.ecommerce.tests.LoginTest" name="verifyCheckout" time="3.05">
    <failure type="org.openqa.selenium.NoSuchElementException" message="no such element: Unable to locate element: {&amp;quot;method&amp;quot;:&amp;quot;css selector&amp;quot;,&amp;quot;selector&amp;quot;:&amp;quot;#first\-name&amp;quot;}
  (Session info: chrome=152.0.7977.76)
For documentation on this error, please visit: https://www.selenium.dev/documentation/webdriver/troubleshooting/errors#no-such-element-exception
Build info: version: &amp;apos;4.28.0&amp;apos;, revision: &amp;apos;ac342546e9&amp;apos;
System info: os.name: &amp;apos;Windows 11&amp;apos;, os.arch: &amp;apos;amd64&amp;apos;, os.version: &amp;apos;10.0&amp;apos;, java.version: &amp;apos;17.0.5&amp;apos;
Driver info: org.openqa.selenium.chrome.ChromeDriver
Command: [90b9ee657e44e3c17eee32b91e875568, findElement {using=id, value=first-name}]
Capabilities {acceptInsecureCerts: false, browserName: chrome, browserVersion: 152.0.7977.76, chrome: {chromedriverVersion: 152.0.7977.82 (d04cdb24d67b..., userDataDir: C:\Users\HP\AppData\Local\T...}, fedcm:accounts: true, goog:chromeOptions: {debuggerAddress: localhost:57524}, goog:processID: 4100, networkConnectionEnabled: false, pageLoadStrategy: normal, platformName: windows, proxy: Proxy(), se:cdp: ws://localhost:57524/devtoo..., se:cdpVersion: 152.0.7977.76, setWindowRect: true, strictFileInteractability: false, timeouts: {implicit: 0, pageLoad: 300000, script: 30000}, unhandledPromptBehavior: dismiss and notify, webauthn:extension:credBlob: true, webauthn:extension:largeBlob: true, webauthn:extension:minPinLength: true, webauthn:extension:prf: true, webauthn:virtualAuthenticators: true}
Session ID: 90b9ee657e44e3c17eee32b91e875568">
      <![CDATA[org.openqa.selenium.NoSuchElementException: no such element: Unable to locate element: {"method":"css selector","selector":"#first\-name"}
  (Session info: chrome=152.0.7977.76)
For documentation on this error, please visit: https://www.selenium.dev/documentation/webdriver/troubleshooting/errors#no-such-element-exception
Build info: version: '4.28.0', revision: 'ac342546e9'
System info: os.name: 'Windows 11', os.arch: 'amd64', os.version: '10.0', java.version: '17.0.5'
Driver info: org.openqa.selenium.chrome.ChromeDriver
Command: [90b9ee657e44e3c17eee32b91e875568, findElement {using=id, value=first-name}]
Capabilities {acceptInsecureCerts: false, browserName: chrome, browserVersion: 152.0.7977.76, chrome: {chromedriverVersion: 152.0.7977.82 (d04cdb24d67b..., userDataDir: C:\Users\HP\AppData\Local\T...}, fedcm:accounts: true, goog:chromeOptions: {debuggerAddress: localhost:57524}, goog:processID: 4100, networkConnectionEnabled: false, pageLoadStrategy: normal, platformName: windows, proxy: Proxy(), se:cdp: ws://localhost:57524/devtoo..., se:cdpVersion: 152.0.7977.76, setWindowRect: true, strictFileInteractability: false, timeouts: {implicit: 0, pageLoad: 300000, script: 30000}, unhandledPromptBehavior: dismiss and notify, webauthn:extension:credBlob: true, webauthn:extension:largeBlob: true, webauthn:extension:minPinLength: true, webauthn:extension:prf: true, webauthn:virtualAuthenticators: true}
Session ID: 90b9ee657e44e3c17eee32b91e875568
at org.openqa.selenium.remote.ErrorCodec.decode(ErrorCodec.java:167)
at org.openqa.selenium.remote.codec.w3c.W3CHttpResponseCodec.decode(W3CHttpResponseCodec.java:138)
at org.openqa.selenium.remote.codec.w3c.W3CHttpResponseCodec.decode(W3CHttpResponseCodec.java:50)
at org.openqa.selenium.remote.HttpCommandExecutor.execute(HttpCommandExecutor.java:215)
at org.openqa.selenium.remote.service.DriverCommandExecutor.invokeExecute(DriverCommandExecutor.java:216)
at org.openqa.selenium.remote.service.DriverCommandExecutor.execute(DriverCommandExecutor.java:174)
at org.openqa.selenium.remote.RemoteWebDriver.execute(RemoteWebDriver.java:545)
at org.openqa.selenium.remote.ElementLocation$ElementFinder$2.findElement(ElementLocation.java:165)
at org.openqa.selenium.remote.ElementLocation.findElement(ElementLocation.java:59)
at org.openqa.selenium.remote.RemoteWebDriver.findElement(RemoteWebDriver.java:368)
at org.openqa.selenium.remote.RemoteWebDriver.findElement(RemoteWebDriver.java:362)
at com.ecommerce.pages.BasePage.type(BasePage.java:20)
at com.ecommerce.pages.CheckoutPage.enterCustomerDetails(CheckoutPage.java:24)
at com.ecommerce.tests.LoginTest.verifyCheckout(LoginTest.java:193)
at java.base/java.util.ArrayList.forEach(ArrayList.java:1511)
at java.base/java.util.concurrent.FutureTask.run(FutureTask.java:264)
at java.base/java.util.concurrent.ThreadPoolExecutor.runWorker(ThreadPoolExecutor.java:1136)
at java.base/java.util.concurrent.ThreadPoolExecutor$Worker.run(ThreadPoolExecutor.java:635)
at java.base/java.lang.Thread.run(Thread.java:833)
... Removed 22 stack frames]]>
    </failure>
  </testcase> <!-- verifyCheckout -->
  <testcase classname="com.ecommerce.tests.LoginTest" name="verifyLogin" time="0.789">
    <skipped/>
  </testcase> <!-- verifyLogin -->
  <testcase classname="com.ecommerce.tests.LoginTest" name="verifyLogin" time="0.687">
    <skipped/>
  </testcase> <!-- verifyLogin -->
  <testcase classname="com.ecommerce.tests.LoginTest" name="verifyLogin" time="0.608">
    <failure type="java.lang.AssertionError" message="expected [WrongProductsTitle] but found [Products]">
      <![CDATA[java.lang.AssertionError: expected [WrongProductsTitle] but found [Products]
at com.ecommerce.tests.LoginTest.verifyLogin(LoginTest.java:34)
at java.base/java.util.ArrayList.forEach(ArrayList.java:1511)
at java.base/java.util.concurrent.FutureTask.run(FutureTask.java:264)
at java.base/java.util.concurrent.ThreadPoolExecutor.runWorker(ThreadPoolExecutor.java:1136)
at java.base/java.util.concurrent.ThreadPoolExecutor$Worker.run(ThreadPoolExecutor.java:635)
at java.base/java.lang.Thread.run(Thread.java:833)
... Removed 23 stack frames]]>
    </failure>
  </testcase> <!-- verifyLogin -->
  <testcase classname="com.ecommerce.tests.LoginTest" name="verifyOrderPlaced" time="2.358">
    <skipped/>
  </testcase> <!-- verifyOrderPlaced -->
  <testcase classname="com.ecommerce.tests.LoginTest" name="verifyOrderPlaced" time="1.295">
    <skipped/>
  </testcase> <!-- verifyOrderPlaced -->
  <testcase classname="com.ecommerce.tests.LoginTest" name="verifyOrderPlaced" time="1.298">
    <failure type="java.lang.AssertionError" message="expected [Checkout: Complete!] but found [Checkout: Overview]">
      <![CDATA[java.lang.AssertionError: expected [Checkout: Complete!] but found [Checkout: Overview]
at com.ecommerce.tests.LoginTest.verifyOrderPlaced(LoginTest.java:241)
at java.base/java.util.ArrayList.forEach(ArrayList.java:1511)
at java.base/java.util.concurrent.FutureTask.run(FutureTask.java:264)
at java.base/java.util.concurrent.ThreadPoolExecutor.runWorker(ThreadPoolExecutor.java:1136)
at java.base/java.util.concurrent.ThreadPoolExecutor$Worker.run(ThreadPoolExecutor.java:635)
at java.base/java.lang.Thread.run(Thread.java:833)
... Removed 23 stack frames]]>
    </failure>
  </testcase> <!-- verifyOrderPlaced -->
  <testcase classname="com.ecommerce.tests.LoginTest" name="verifyLoginWithEmptyUsernamePassword" time="0.0">
    <ignored/>
  </testcase> <!-- verifyLoginWithEmptyUsernamePassword -->
  <testcase classname="com.ecommerce.tests.LoginTest" name="verifyProductInCart" time="0.0">
    <ignored/>
  </testcase> <!-- verifyProductInCart -->
  <testcase classname="com.ecommerce.tests.LoginTest" name="verifyRemoveProductFromCart" time="0.0">
    <ignored/>
  </testcase> <!-- verifyRemoveProductFromCart -->
  <testcase classname="com.ecommerce.tests.LoginTest" name="verifyInvalidLogin" time="0.0">
    <ignored/>
  </testcase> <!-- verifyInvalidLogin -->
</testsuite> <!-- Chrome Tests -->
