<?xml version="1.0" encoding="UTF-8"?>
<!-- Generated by org.testng.reporters.JUnitXMLReporter -->
<testsuite ignored="4" hostname="Sonali-Shah" failures="0" tests="4" name="Edge Tests" time="5.374" errors="0" timestamp="2026-09-16T00:53:01 IST">
  <testcase classname="com.ecommerce.tests.LoginTest" name="verifyAddProductToCart" time="0.0">
    <skipped/>
  </testcase> <!-- verifyAddProductToCart -->
  <testcase classname="com.ecommerce.tests.LoginTest" name="verifyCheckout" time="0.0">
    <skipped/>
  </testcase> <!-- verifyCheckout -->
  <testcase classname="com.ecommerce.tests.LoginTest" name="verifyLogin" time="0.0">
    <skipped/>
  </testcase> <!-- verifyLogin -->
  <testcase classname="com.ecommerce.tests.LoginTest" name="verifyOrderPlaced" time="0.0">
    <skipped/>
  </testcase> <!-- verifyOrderPlaced -->
  <testcase classname="com.ecommerce.tests.LoginTest" name="verifyInvalidLogin" time="0.0">
    <ignored/>
  </testcase> <!-- verifyInvalidLogin -->
  <testcase classname="com.ecommerce.tests.LoginTest" name="verifyProductInCart" time="0.0">
    <ignored/>
  </testcase> <!-- verifyProductInCart -->
  <testcase classname="com.ecommerce.tests.LoginTest" name="verifyRemoveProductFromCart" time="0.0">
    <ignored/>
  </testcase> <!-- verifyRemoveProductFromCart -->
  <testcase classname="com.ecommerce.tests.LoginTest" name="verifyLoginWithEmptyUsernamePassword" time="0.0">
    <ignored/>
  </testcase> <!-- verifyLoginWithEmptyUsernamePassword -->
</testsuite> <!-- Edge Tests -->
