<?xml version="1.0" encoding="UTF-8"?>
<!-- Generated by org.testng.reporters.JUnitXMLReporter -->
<testsuite ignored="4" hostname="Sonali-Shah" failures="1" tests="6" name="Edge Tests" time="149.976" errors="0" timestamp="2026-09-06T06:00:38 IST">
  <testcase classname="com.ecommerce.tests.LoginTest" name="verifyAddProductToCart" time="0.766"/>
  <testcase classname="com.ecommerce.tests.LoginTest" name="verifyCheckout" time="4.776"/>
  <testcase classname="com.ecommerce.tests.LoginTest" name="verifyLogin" time="2.085">
    <skipped/>
  </testcase> <!-- verifyLogin -->
  <testcase classname="com.ecommerce.tests.LoginTest" name="verifyLogin" time="0.489">
    <skipped/>
  </testcase> <!-- verifyLogin -->
  <testcase classname="com.ecommerce.tests.LoginTest" name="verifyLogin" time="0.814">
    <failure type="java.lang.AssertionError" message="expected [WrongProductsTitle] but found [Products]">
      <![CDATA[java.lang.AssertionError: expected [WrongProductsTitle] but found [Products]
at com.ecommerce.tests.LoginTest.verifyLogin(LoginTest.java:34)
at java.base/java.util.ArrayList.forEach(ArrayList.java:1511)
at java.base/java.util.concurrent.FutureTask.run(FutureTask.java:264)
at java.base/java.util.concurrent.ThreadPoolExecutor.runWorker(ThreadPoolExecutor.java:1136)
at java.base/java.util.concurrent.ThreadPoolExecutor$Worker.run(ThreadPoolExecutor.java:635)
at java.base/java.lang.Thread.run(Thread.java:833)
... Removed 23 stack frames]]>
    </failure>
  </testcase> <!-- verifyLogin -->
  <testcase classname="com.ecommerce.tests.LoginTest" name="verifyOrderPlaced" time="3.19"/>
  <testcase classname="com.ecommerce.tests.LoginTest" name="verifyLoginWithEmptyUsernamePassword" time="0.0">
    <ignored/>
  </testcase> <!-- verifyLoginWithEmptyUsernamePassword -->
  <testcase classname="com.ecommerce.tests.LoginTest" name="verifyRemoveProductFromCart" time="0.0">
    <ignored/>
  </testcase> <!-- verifyRemoveProductFromCart -->
  <testcase classname="com.ecommerce.tests.LoginTest" name="verifyProductInCart" time="0.0">
    <ignored/>
  </testcase> <!-- verifyProductInCart -->
  <testcase classname="com.ecommerce.tests.LoginTest" name="verifyInvalidLogin" time="0.0">
    <ignored/>
  </testcase> <!-- verifyInvalidLogin -->
</testsuite> <!-- Edge Tests -->
