<?xml version="1.0" encoding="UTF-8"?>
<!-- Generated by org.testng.reporters.JUnitXMLReporter -->
<testsuite ignored="0" hostname="Sonali-Shah" failures="1" tests="9" name="Ecommerce Tests" time="65.758" errors="0" timestamp="2026-09-01T02:40:24 IST">
  <testcase classname="com.ecommerce.tests.LoginTest" name="verifyAddProductToCart" time="1.696"/>
  <testcase classname="com.ecommerce.tests.LoginTest" name="verifyCheckout" time="1.557"/>
  <testcase classname="com.ecommerce.tests.LoginTest" name="verifyLogin" time="0.955"/>
  <testcase classname="com.ecommerce.tests.LoginTest" name="verifyLoginWithEmptyUsernameAndPassword" time="0.471"/>
  <testcase classname="com.ecommerce.tests.LoginTest" name="verifyLoginWithInvalidPassword" time="0.407"/>
  <testcase classname="com.ecommerce.tests.LoginTest" name="verifyLoginWithInvalidUsername" time="0.525"/>
  <testcase classname="com.ecommerce.tests.LoginTest" name="verifyOrderPlaced" time="1.742">
    <failure type="java.lang.AssertionError" message="expected [Checkout: Overview] but found [Checkout: Your Information]">
      <![CDATA[java.lang.AssertionError: expected [Checkout: Overview] but found [Checkout: Your Information]
at com.ecommerce.tests.LoginTest.verifyOrderPlaced(LoginTest.java:211)
at java.base/java.util.ArrayList.forEach(ArrayList.java:1511)
... Removed 33 stack frames]]>
    </failure>
  </testcase> <!-- verifyOrderPlaced -->
  <testcase classname="com.ecommerce.tests.LoginTest" name="verifyProductInCart" time="0.732"/>
  <testcase classname="com.ecommerce.tests.LoginTest" name="verifyRemoveProductFromCart" time="10.799"/>
</testsuite> <!-- Ecommerce Tests -->
