<?xml version="1.0" encoding="UTF-8"?>
<!-- Generated by org.testng.reporters.JUnitReportReporter -->
<testsuite hostname="Sonali-Shah" failures="0" tests="2" name="com.ecommerce.automation.api.UserApiTest" time="0.773" errors="0" timestamp="2026-09-07T03:42:29 IST" skipped="0">
  <testcase classname="com.ecommerce.automation.api.UserApiTest" name="verifyCreateUserWithDbCheck" time="0.770"/>
  <testcase classname="com.ecommerce.automation.api.UserApiTest" name="verifyGetUsersList" time="0.003"/>
</testsuite> <!-- com.ecommerce.automation.api.UserApiTest -->
